[2025-09-02 05:28:19] Converted Wikitext (to append as new section):
<span style="background-color: #f0f0f0; padding: 10px;">
    <span style="color: red;">== Student Info ==</span>
    This is '''bold''', ''italic'', and <u>underlined</u>.


    [https://example.com Visit Example]
    [[File:https://randomuser.me/api/portraits/men/46.jpg|Logo]]
    {| class="wikitable" style="background-color: blue; color: white; width: 100%;"
|-
! style="border:1px solid white;" | ID
! | Name
! | Age
! | Grade
|-
| | 1
| | Alice
| | 15
| | A
|-
| | 2
| | Bob
| | 16
| | B
|}



</span>
[2025-09-02 05:28:19] === Getting Edit Token for section addition ===
[2025-09-02 05:28:20] finalToken Edit Token: +\
[2025-09-02 05:28:21] Append Section Response: null
[2025-09-02 05:28:21] === MediaWiki Section Append Job Finished ===
